STAR version=2.7.11b
STAR compilation time,server,dir=2024-10-18T10:10:28-04:00 udc-aw36-24c1:/tmp/uvacse/star/2.7.11b/system-system/STAR-2.7.11b/source
STAR git: 
##### Command Line:
STAR --runThreadN 8 --runMode genomeGenerate --genomeDir /scratch/vth3bk/ExpressDiff/runs/17eaef6b-0ffa-4164-92a8-e6ad00410668/star/genome_index --genomeFastaFiles /scratch/vth3bk/ExpressDiff/runs/17eaef6b-0ffa-4164-92a8-e6ad00410668/reference/demo_genome.fa --sjdbGTFfile /scratch/vth3bk/ExpressDiff/runs/17eaef6b-0ffa-4164-92a8-e6ad00410668/reference/demo_annotation.gtf --sjdbOverhang 99
##### Initial USER parameters from Command Line:
###### All USER parameters from Command Line:
runThreadN                    8     ~RE-DEFINED
runMode                       genomeGenerate        ~RE-DEFINED
genomeDir                     /scratch/vth3bk/ExpressDiff/runs/17eaef6b-0ffa-4164-92a8-e6ad00410668/star/genome_index     ~RE-DEFINED
genomeFastaFiles              /scratch/vth3bk/ExpressDiff/runs/17eaef6b-0ffa-4164-92a8-e6ad00410668/reference/demo_genome.fa        ~RE-DEFINED
sjdbGTFfile                   /scratch/vth3bk/ExpressDiff/runs/17eaef6b-0ffa-4164-92a8-e6ad00410668/reference/demo_annotation.gtf     ~RE-DEFINED
sjdbOverhang                  99     ~RE-DEFINED
##### Finished reading parameters from all sources

##### Final user re-defined parameters-----------------:
runMode                           genomeGenerate   
runThreadN                        8
genomeDir                         /scratch/vth3bk/ExpressDiff/runs/17eaef6b-0ffa-4164-92a8-e6ad00410668/star/genome_index
genomeFastaFiles                  /scratch/vth3bk/ExpressDiff/runs/17eaef6b-0ffa-4164-92a8-e6ad00410668/reference/demo_genome.fa   
sjdbGTFfile                       /scratch/vth3bk/ExpressDiff/runs/17eaef6b-0ffa-4164-92a8-e6ad00410668/reference/demo_annotation.gtf
sjdbOverhang                      99

-------------------------------
##### Final effective command line:
STAR   --runMode genomeGenerate      --runThreadN 8   --genomeDir /scratch/vth3bk/ExpressDiff/runs/17eaef6b-0ffa-4164-92a8-e6ad00410668/star/genome_index   --genomeFastaFiles /scratch/vth3bk/ExpressDiff/runs/17eaef6b-0ffa-4164-92a8-e6ad00410668/reference/demo_genome.fa      --sjdbGTFfile /scratch/vth3bk/ExpressDiff/runs/17eaef6b-0ffa-4164-92a8-e6ad00410668/reference/demo_annotation.gtf   --sjdbOverhang 99
----------------------------------------

Number of fastq files for each mate = 1
ParametersSolo: --soloCellFilterType CellRanger2.2 filtering parameters:  3000 0.99 10
Finished loading and checking parameters
--genomeDir directory exists and will be overwritten: /scratch/vth3bk/ExpressDiff/runs/17eaef6b-0ffa-4164-92a8-e6ad00410668/star/genome_index/
!!!!! WARNING: Could not move Log.out file from ./Log.out into /scratch/vth3bk/ExpressDiff/runs/17eaef6b-0ffa-4164-92a8-e6ad00410668/star/genome_index/Log.out. Will keep ./Log.out

Oct 07 09:13:35 ... starting to generate Genome files
/scratch/vth3bk/ExpressDiff/runs/17eaef6b-0ffa-4164-92a8-e6ad00410668/reference/demo_genome.fa : chr # 0  "chr1" chrStart: 0
/scratch/vth3bk/ExpressDiff/runs/17eaef6b-0ffa-4164-92a8-e6ad00410668/reference/demo_genome.fa : chr # 1  "chr2" chrStart: 262144
/scratch/vth3bk/ExpressDiff/runs/17eaef6b-0ffa-4164-92a8-e6ad00410668/reference/demo_genome.fa : chr # 2  "chr3" chrStart: 524288
Chromosome sequence lengths: 
chr1	85044
chr2	85352
chr3	88507
Genome sequence total length = 258903
Genome size with padding = 786432
Oct 07 09:13:35 ..... processing annotations GTF
Processing pGe.sjdbGTFfile=/scratch/vth3bk/ExpressDiff/runs/17eaef6b-0ffa-4164-92a8-e6ad00410668/reference/demo_annotation.gtf, found:
		100 transcripts
		300 exons (non-collapsed)
		198 collapsed junctions
Total junctions: 198
Oct 07 09:13:35 ..... finished GTF processing

!!!!! WARNING: --genomeSAindexNbases 14 is too large for the genome size=258903, which may cause seg-fault at the mapping step. Re-run genome generation with recommended --genomeSAindexNbases 7
Estimated genome size with padding and SJs: total=genome+SJ=199786432 = 786432 + 199000000
GstrandBit=32
Number of SA indices: 505806
Oct 07 09:13:35 ... starting to sort Suffix Array. This may take a long time...
Number of chunks: 8;   chunks size limit: 578064 bytes
Oct 07 09:13:35 ... sorting Suffix Array chunks and saving them to disk...
Writing 64864 bytes into /scratch/vth3bk/ExpressDiff/runs/17eaef6b-0ffa-4164-92a8-e6ad00410668/star/genome_index//SA_7 ; empty space on disk = 13192374161408 bytes ...Writing 568032 bytes into /scratch/vth3bk/ExpressDiff/runs/17eaef6b-0ffa-4164-92a8-e6ad00410668/star/genome_index//SA_6 ; empty space on disk = 13192374161408 bytes ... done
 done
Writing 568576 bytes into /scratch/vth3bk/ExpressDiff/runs/17eaef6b-0ffa-4164-92a8-e6ad00410668/star/genome_index//SA_0 ; empty space on disk = 13192374161408 bytes ... done
Writing 569704 bytes into /scratch/vth3bk/ExpressDiff/runs/17eaef6b-0ffa-4164-92a8-e6ad00410668/star/genome_index//SA_1 ; empty space on disk = 13192374161408 bytes ... done
Writing 568832 bytes into /scratch/vth3bk/ExpressDiff/runs/17eaef6b-0ffa-4164-92a8-e6ad00410668/star/genome_index//SA_5 ; empty space on disk = 13192374161408 bytes ... done
Writing 568904 bytes into /scratch/vth3bk/ExpressDiff/runs/17eaef6b-0ffa-4164-92a8-e6ad00410668/star/genome_index//SA_4 ; empty space on disk = 13192374161408 bytes ...Writing 569960 bytes into /scratch/vth3bk/ExpressDiff/runs/17eaef6b-0ffa-4164-92a8-e6ad00410668/star/genome_index//SA_2 ; empty space on disk = 13192374161408 bytes ...Writing 569960 bytes into /scratch/vth3bk/ExpressDiff/runs/17eaef6b-0ffa-4164-92a8-e6ad00410668/star/genome_index//SA_2 ; empty space on disk = 13192374161408 bytes ... done
 done
Writing 567576 bytes into /scratch/vth3bk/ExpressDiff/runs/17eaef6b-0ffa-4164-92a8-e6ad00410668/star/genome_index//SA_3 ; empty space on disk = 13192374161408 bytes ... done
Oct 07 09:13:35 ... loading chunks from disk, packing SA...
Oct 07 09:13:35 ... finished generating suffix array
Oct 07 09:13:35 ... generating Suffix Array index
Oct 07 09:13:37 ... completed Suffix Array index
Oct 07 09:13:37   Finished preparing junctions
Oct 07 09:13:37 ..... inserting junctions into the genome indices
Oct 07 09:13:37   Finished SA search: number of new junctions=194, old junctions=0
Oct 07 09:13:37   Finished sorting SA indicesL nInd=76824
Genome size with junctions=825038  786432   38606
GstrandBit1=32   GstrandBit=32
Oct 07 09:13:37   Finished inserting junction indices
Oct 07 09:13:46   Finished SAi
Oct 07 09:13:46 ..... finished inserting junctions into genome
Oct 07 09:13:46 ... writing Genome to disk ...
Writing 825038 bytes into /scratch/vth3bk/ExpressDiff/runs/17eaef6b-0ffa-4164-92a8-e6ad00410668/star/genome_index//Genome ; empty space on disk = 13192374132736 bytes ... done
SA size in bytes: 2403352
Oct 07 09:13:46 ... writing Suffix Array to disk ...
Writing 2403352 bytes into /scratch/vth3bk/ExpressDiff/runs/17eaef6b-0ffa-4164-92a8-e6ad00410668/star/genome_index//SA ; empty space on disk = 13192374132736 bytes ... done
Oct 07 09:13:46 ... writing SAindex to disk
Writing 8 bytes into /scratch/vth3bk/ExpressDiff/runs/17eaef6b-0ffa-4164-92a8-e6ad00410668/star/genome_index//SAindex ; empty space on disk = 13192374132736 bytes ... done
Writing 120 bytes into /scratch/vth3bk/ExpressDiff/runs/17eaef6b-0ffa-4164-92a8-e6ad00410668/star/genome_index//SAindex ; empty space on disk = 13192374132736 bytes ... done
Writing 1565873491 bytes into /scratch/vth3bk/ExpressDiff/runs/17eaef6b-0ffa-4164-92a8-e6ad00410668/star/genome_index//SAindex ; empty space on disk = 13192374132736 bytes ... done
Oct 07 09:13:47 ..... finished successfully
DONE: Genome generation, EXITING
